# JRE version: Java(TM) SE Runtime Environment 18.9 (11.0.13+10) (build 11.0.13+10-LTS-370)
# Java VM: Java HotSpot(TM) 64-Bit Server VM 18.9 (11.0.13+10-LTS-370, mixed mode, tiered, compressed oops, g1 gc, windows-amd64)
Heap:
 garbage-first heap   total 260096K, used 37767K [0x0000000702e00000, 0x0000000800000000)
  region size 1024K, 30 young (30720K), 13 survivors (13312K)
 Metaspace       used 48930K, capacity 50173K, committed 50304K, reserved 1093632K
  class space    used 5959K, capacity 6455K, committed 6528K, reserved 1048576K
GC Heap History (10 events):
Event: 1.906 GC heap before
{Heap before GC invocations=1 (full 0):
 garbage-first heap   total 260096K, used 64907K [0x0000000702e00000, 0x0000000800000000)
  region size 1024K, 61 young (62464K), 2 survivors (2048K)
 Metaspace       used 20857K, capacity 21218K, committed 21296K, reserved 1069056K
  class space    used 2283K, capacity 2425K, committed 2432K, reserved 1048576K
}
Event: 1.912 GC heap after
{Heap after GC invocations=2 (full 0):
 garbage-first heap   total 260096K, used 8847K [0x0000000702e00000, 0x0000000800000000)
  region size 1024K, 6 young (6144K), 6 survivors (6144K)
 Metaspace       used 20857K, capacity 21218K, committed 21296K, reserved 1069056K
  class space    used 2283K, capacity 2425K, committed 2432K, reserved 1048576K
}
Event: 2.278 GC heap before
{Heap before GC invocations=3 (full 0):
 garbage-first heap   total 260096K, used 37519K [0x0000000702e00000, 0x0000000800000000)
  region size 1024K, 35 young (35840K), 6 survivors (6144K)
 Metaspace       used 26020K, capacity 26596K, committed 26880K, reserved 1073152K
  class space    used 3068K, capacity 3288K, committed 3328K, reserved 1048576K
}
Event: 2.283 GC heap after
{Heap after GC invocations=4 (full 0):
 garbage-first heap   total 260096K, used 9855K [0x0000000702e00000, 0x0000000800000000)
  region size 1024K, 2 young (2048K), 2 survivors (2048K)
 Metaspace       used 26020K, capacity 26596K, committed 26880K, reserved 1073152K
  class space    used 3068K, capacity 3288K, committed 3328K, reserved 1048576K
}
Event: 3.094 GC heap before
{Heap before GC invocations=4 (full 0):
 garbage-first heap   total 260096K, used 79487K [0x0000000702e00000, 0x0000000800000000)
  region size 1024K, 71 young (72704K), 2 survivors (2048K)
 Metaspace       used 29680K, capacity 30360K, committed 30464K, reserved 1075200K
  class space    used 3478K, capacity 3745K, committed 3840K, reserved 1048576K
}
Event: 3.099 GC heap after
{Heap after GC invocations=5 (full 0):
 garbage-first heap   total 260096K, used 12220K [0x0000000702e00000, 0x0000000800000000)
  region size 1024K, 4 young (4096K), 4 survivors (4096K)
 Metaspace       used 29680K, capacity 30360K, committed 30464K, reserved 1075200K
  class space    used 3478K, capacity 3745K, committed 3840K, reserved 1048576K
}
Event: 3.748 GC heap before
{Heap before GC invocations=5 (full 0):
 garbage-first heap   total 260096K, used 97212K [0x0000000702e00000, 0x0000000800000000)
  region size 1024K, 88 young (90112K), 4 survivors (4096K)
 Metaspace       used 35216K, capacity 35936K, committed 35968K, reserved 1081344K
  class space    used 4152K, capacity 4456K, committed 4480K, reserved 1048576K
}
Event: 3.753 GC heap after
{Heap after GC invocations=6 (full 0):
 garbage-first heap   total 260096K, used 15013K [0x0000000702e00000, 0x0000000800000000)
  region size 1024K, 7 young (7168K), 7 survivors (7168K)
 Metaspace       used 35216K, capacity 35936K, committed 35968K, reserved 1081344K
  class space    used 4152K, capacity 4456K, committed 4480K, reserved 1048576K
}
Event: 5.977 GC heap before
{Heap before GC invocations=7 (full 0):
 garbage-first heap   total 260096K, used 163493K [0x0000000702e00000, 0x0000000800000000)
  region size 1024K, 152 young (155648K), 7 survivors (7168K)
 Metaspace       used 47085K, capacity 48248K, committed 48512K, reserved 1091584K
  class space    used 5712K, capacity 6175K, committed 6272K, reserved 1048576K
}
Event: 5.988 GC heap after
{Heap after GC invocations=8 (full 0):
 garbage-first heap   total 260096K, used 21383K [0x0000000702e00000, 0x0000000800000000)
  region size 1024K, 13 young (13312K), 13 survivors (13312K)
 Metaspace       used 47085K, capacity 48248K, committed 48512K, reserved 1091584K
  class space    used 5712K, capacity 6175K, committed 6272K, reserved 1048576K
}

